[01m[K/home/gim/ros2_humble/src/path_package/src/path.cpp:260:40:[m[K [01;31m[Kerror: [m[Kexpected primary-expression before ‘[01m[K;[m[K’ token
  260 | std::vector<CustomEdge> edges = /*...*/[01;31m[K;[m[K
      |                                        [01;31m[K^[m[K
[01m[K/home/gim/ros2_humble/src/path_package/src/path.cpp:264:1:[m[K [01;31m[Kerror: [m[K‘[01m[Kcdt[m[K’ does not name a type
  264 | [01;31m[Kcdt[m[K.insertVertices(
      | [01;31m[K^~~[m[K
[01m[K/home/gim/ros2_humble/src/path_package/src/path.cpp:266:88:[m[K [01;31m[Kerror: [m[Kexpected unqualified-id before ‘[01m[K,[m[K’ token
  266 | ),    points.end(),    [](const CustomPoint2D& p){ return p.data[0]; }[01;31m[K,[m[K
      |                                                                       [01;31m[K^[m[K

[01m[K/home/gim/ros2_humble/src/path_package/src/path.cpp:268:5:[m[K [01;31m[Kerror: [m[Kexpected unqualified-id before ‘[01m[K[[m[K’ token
  268 |     [01;31m[K[[m[K](const CustomPoint2D& p){ return p.data[1]; }
      |     [01;31m[K^[m[K
[01m[K/home/gim/ros2_humble/src/path_package/src/path.cpp:270:1:[m[K [01;31m[Kerror: [m[Kexpected unqualified-id before ‘[01m[K)[m[K’ token
  270 | [01;31m[K)[m[K;
      | [01;31m[K^[m[K
[01m[K/home/gim/ros2_humble/src/path_package/src/path.cpp:272:1:[m[K [01;31m[Kerror: [m[K‘[01m[Kcdt[m[K’ does not name a type
  272 | [01;31m[Kcdt[m[K.insertEdges(
      | [01;31m[K^~~[m[K
[01m[K/home/gim/ros2_humble/src/path_package/src/path.cpp:274:90:[m[K [01;31m[Kerror: [m[Kexpected unqualified-id before ‘[01m[K,[m[K’ token
  274 |    edges.end(),    [](const CustomEdge& e){ return e.vertices.first; }[01;31m[K,[m[K
      |                                                                       [01;31m[K^[m[K

[01m[K/home/gim/ros2_humble/src/path_package/src/path.cpp:276:5:[m[K [01;31m[Kerror: [m[Kexpected unqualified-id before ‘[01m[K[[m[K’ token
  276 |     [01;31m[K[[m[K](const CustomEdge& e){ return e.vertices.second; }
      |     [01;31m[K^[m[K
[01m[K/home/gim/ros2_humble/src/path_package/src/path.cpp:278:1:[m[K [01;31m[Kerror: [m[Kexpected unqualified-id before ‘[01m[K)[m[K’ token
  278 | [01;31m[K)[m[K;
      | [01;31m[K^[m[K
[01m[K/home/gim/ros2_humble/src/path_package/src/path.cpp:[m[K In function ‘[01m[Kint main()[m[K’:
[01m[K/home/gim/ros2_humble/src/path_package/src/path.cpp:283:25:[m[K [01;31m[Kerror: [m[Kexpected identifier before numeric constant
  283 |     cdt.insertVertices([[01;31m[K1[m[K,1],[2,2],[3,2]);
      |                         [01;31m[K^[m[K
[01m[K/home/gim/ros2_humble/src/path_package/src/path.cpp:283:26:[m[K [01;31m[Kerror: [m[Kexpected ‘[01m[K][m[K’ before ‘[01m[K,[m[K’ token
  283 |     cdt.insertVertices([1[01;31m[K,[m[K1],[2,2],[3,2]);
      |                          [01;31m[K^[m[K
      |                          [32m[K][m[K
[01m[K/home/gim/ros2_humble/src/path_package/src/path.cpp:[m[K In lambda function:
[01m[K/home/gim/ros2_humble/src/path_package/src/path.cpp:283:26:[m[K [01;31m[Kerror: [m[Kexpected ‘[01m[K{[m[K’ before ‘[01m[K,[m[K’ token
[01m[K/home/gim/ros2_humble/src/path_package/src/path.cpp:[m[K In function ‘[01m[Kint main()[m[K’:
[01m[K/home/gim/ros2_humble/src/path_package/src/path.cpp:283:28:[m[K [01;31m[Kerror: [m[Kexpected ‘[01m[K)[m[K’ before ‘[01m[K][m[K’ token
  283 |     cdt.insertVertices[34m[K([m[K[1,1[01;31m[K][m[K,[2,2],[3,2]);
      |                       [34m[K~[m[K    [01;31m[K^[m[K
      |                            [32m[K)[m[K
gmake[2]: *** [CMakeFiles/talker.dir/build.make:76: CMakeFiles/talker.dir/src/path.cpp.o] Error 1
gmake[1]: *** [CMakeFiles/Makefile2:155: CMakeFiles/talker.dir/all] Error 2
gmake: *** [Makefile:146: all] Error 2
