[0.129s] DEBUG:colcon:Command line arguments: ['/usr/bin/colcon', 'build']
[0.129s] DEBUG:colcon:Parsed command line arguments: Namespace(log_base=None, log_level=None, verb_name='build', build_base='build', install_base='install', merge_install=False, symlink_install=False, test_result_base=None, continue_on_error=False, executor='parallel', parallel_workers=6, event_handlers=None, ignore_user_meta=False, metas=['./colcon.meta'], base_paths=['.'], packages_ignore=None, packages_ignore_regex=None, paths=None, packages_up_to=None, packages_up_to_regex=None, packages_above=None, packages_above_and_dependencies=None, packages_above_depth=None, packages_select_by_dep=None, packages_skip_by_dep=None, packages_skip_up_to=None, packages_select_build_failed=False, packages_skip_build_finished=False, packages_select_test_failures=False, packages_skip_test_passed=False, packages_select=None, packages_skip=None, packages_select_regex=None, packages_skip_regex=None, packages_start=None, packages_end=None, allow_overriding=[], cmake_args=None, cmake_target=None, cmake_target_skip_unavailable=False, cmake_clean_cache=False, cmake_clean_first=False, cmake_force_configure=False, ament_cmake_args=None, catkin_cmake_args=None, catkin_skip_building_tests=False, mixin_files=None, mixin=None, verb_parser=<colcon_mixin.mixin.mixin_argument.MixinArgumentDecorator object at 0x7cee61921330>, verb_extension=<colcon_core.verb.build.BuildVerb object at 0x7cee61920910>, main=<bound method BuildVerb.main of <colcon_core.verb.build.BuildVerb object at 0x7cee61920910>>, mixin_verb=('build',))
[0.361s] Level 1:colcon.colcon_core.package_discovery:discover_packages(colcon_meta) check parameters
[0.364s] Level 1:colcon.colcon_core.package_discovery:discover_packages(recursive) check parameters
[0.364s] Level 1:colcon.colcon_core.package_discovery:discover_packages(ignore) check parameters
[0.365s] Level 1:colcon.colcon_core.package_discovery:discover_packages(path) check parameters
[0.365s] Level 1:colcon.colcon_core.package_discovery:discover_packages(colcon_meta) discover
[0.365s] Level 1:colcon.colcon_core.package_discovery:discover_packages(recursive) discover
[0.365s] INFO:colcon.colcon_core.package_discovery:Crawling recursively for packages in '/home/gim/ros2_humble/src/path_package'
[0.365s] Level 1:colcon.colcon_core.package_identification:_identify(.) by extensions ['ignore', 'ignore_ament_install']
[0.366s] Level 1:colcon.colcon_core.package_identification:_identify(.) by extension 'ignore'
[0.366s] Level 1:colcon.colcon_core.package_identification:_identify(.) by extension 'ignore_ament_install'
[0.366s] Level 1:colcon.colcon_core.package_identification:_identify(.) by extensions ['colcon_pkg']
[0.366s] Level 1:colcon.colcon_core.package_identification:_identify(.) by extension 'colcon_pkg'
[0.366s] Level 1:colcon.colcon_core.package_identification:_identify(.) by extensions ['colcon_meta']
[0.366s] Level 1:colcon.colcon_core.package_identification:_identify(.) by extension 'colcon_meta'
[0.366s] Level 1:colcon.colcon_core.package_identification:_identify(.) by extensions ['ros']
[0.366s] Level 1:colcon.colcon_core.package_identification:_identify(.) by extension 'ros'
[0.371s] DEBUG:colcon.colcon_core.package_identification:Package '.' with type 'ros.ament_cmake' and name 'path_package'
[0.371s] Level 1:colcon.colcon_core.package_discovery:discover_packages(recursive) using defaults
[0.371s] Level 1:colcon.colcon_core.package_discovery:discover_packages(ignore) discover
[0.371s] Level 1:colcon.colcon_core.package_discovery:discover_packages(ignore) using defaults
[0.385s] Level 1:colcon.colcon_core.package_discovery:discover_packages(path) discover
[0.385s] Level 1:colcon.colcon_core.package_discovery:discover_packages(path) using defaults
[0.479s] Level 1:colcon.colcon_core.package_discovery:discover_packages(prefix_path) check parameters
[0.479s] Level 1:colcon.colcon_core.package_discovery:discover_packages(prefix_path) discover
[0.484s] DEBUG:colcon.colcon_installed_package_information.package_discovery:Found 1 installed packages in /home/gim/ros2_humble/src/path_package/install
[0.491s] DEBUG:colcon.colcon_installed_package_information.package_discovery:Found 270 installed packages in /opt/ros/humble
[0.496s] Level 1:colcon.colcon_core.package_discovery:discover_packages(prefix_path) using defaults
[0.610s] Level 5:colcon.colcon_core.verb:set package 'path_package' build argument 'cmake_args' from command line to 'None'
[0.610s] Level 5:colcon.colcon_core.verb:set package 'path_package' build argument 'cmake_target' from command line to 'None'
[0.610s] Level 5:colcon.colcon_core.verb:set package 'path_package' build argument 'cmake_target_skip_unavailable' from command line to 'False'
[0.610s] Level 5:colcon.colcon_core.verb:set package 'path_package' build argument 'cmake_clean_cache' from command line to 'False'
[0.610s] Level 5:colcon.colcon_core.verb:set package 'path_package' build argument 'cmake_clean_first' from command line to 'False'
[0.610s] Level 5:colcon.colcon_core.verb:set package 'path_package' build argument 'cmake_force_configure' from command line to 'False'
[0.610s] Level 5:colcon.colcon_core.verb:set package 'path_package' build argument 'ament_cmake_args' from command line to 'None'
[0.610s] Level 5:colcon.colcon_core.verb:set package 'path_package' build argument 'catkin_cmake_args' from command line to 'None'
[0.610s] Level 5:colcon.colcon_core.verb:set package 'path_package' build argument 'catkin_skip_building_tests' from command line to 'False'
[0.610s] DEBUG:colcon.colcon_core.verb:Building package 'path_package' with the following arguments: {'ament_cmake_args': None, 'build_base': '/home/gim/ros2_humble/src/path_package/build/path_package', 'catkin_cmake_args': None, 'catkin_skip_building_tests': False, 'cmake_args': None, 'cmake_clean_cache': False, 'cmake_clean_first': False, 'cmake_force_configure': False, 'cmake_target': None, 'cmake_target_skip_unavailable': False, 'install_base': '/home/gim/ros2_humble/src/path_package/install/path_package', 'merge_install': False, 'path': '/home/gim/ros2_humble/src/path_package', 'symlink_install': False, 'test_result_base': None}
[0.610s] INFO:colcon.colcon_core.executor:Executing jobs using 'parallel' executor
[0.616s] DEBUG:colcon.colcon_parallel_executor.executor.parallel:run_until_complete
[0.616s] INFO:colcon.colcon_ros.task.ament_cmake.build:Building ROS package in '/home/gim/ros2_humble/src/path_package' with build type 'ament_cmake'
[0.616s] INFO:colcon.colcon_cmake.task.cmake.build:Building CMake package in '/home/gim/ros2_humble/src/path_package'
[0.626s] INFO:colcon.colcon_core.plugin_system:Skipping extension 'colcon_core.shell.bat': Not used on non-Windows systems
[0.626s] INFO:colcon.colcon_core.shell:Skip shell extension 'powershell' for command environment: Not usable outside of PowerShell
[0.626s] DEBUG:colcon.colcon_core.shell:Skip shell extension 'dsv' for command environment
[0.701s] DEBUG:colcon.colcon_core.event_handler.log_command:Invoking command in '/home/gim/ros2_humble/src/path_package/build/path_package': CMAKE_PREFIX_PATH=${CMAKE_PREFIX_PATH}:/opt/ros/humble /usr/bin/cmake --build /home/gim/ros2_humble/src/path_package/build/path_package -- -j6 -l6
[7.616s] Level 1:colcon.colcon_core.environment:create_environment_scripts_only(path_package)
[7.616s] DEBUG:colcon.colcon_core.event_handler.log_command:Invoked command in '/home/gim/ros2_humble/src/path_package/build/path_package' returned '2': CMAKE_PREFIX_PATH=${CMAKE_PREFIX_PATH}:/opt/ros/humble /usr/bin/cmake --build /home/gim/ros2_humble/src/path_package/build/path_package -- -j6 -l6
[7.616s] Level 1:colcon.colcon_core.environment:checking '/home/gim/ros2_humble/src/path_package/install/path_package' for CMake module files
[7.623s] Level 1:colcon.colcon_core.environment:checking '/home/gim/ros2_humble/src/path_package/install/path_package' for CMake config files
[7.623s] Level 1:colcon.colcon_core.shell:create_environment_hook('path_package', 'cmake_prefix_path')
[7.623s] INFO:colcon.colcon_core.shell:Creating environment hook '/home/gim/ros2_humble/src/path_package/install/path_package/share/path_package/hook/cmake_prefix_path.ps1'
[7.623s] INFO:colcon.colcon_core.shell:Creating environment descriptor '/home/gim/ros2_humble/src/path_package/install/path_package/share/path_package/hook/cmake_prefix_path.dsv'
[7.623s] INFO:colcon.colcon_core.shell:Creating environment hook '/home/gim/ros2_humble/src/path_package/install/path_package/share/path_package/hook/cmake_prefix_path.sh'
[7.623s] Level 1:colcon.colcon_core.environment:checking '/home/gim/ros2_humble/src/path_package/install/path_package/lib'
[7.623s] Level 1:colcon.colcon_core.environment:checking '/home/gim/ros2_humble/src/path_package/install/path_package/bin'
[7.623s] Level 1:colcon.colcon_core.environment:checking '/home/gim/ros2_humble/src/path_package/install/path_package/lib/pkgconfig/path_package.pc'
[7.623s] Level 1:colcon.colcon_core.environment:checking '/home/gim/ros2_humble/src/path_package/install/path_package/lib/python3.10/site-packages'
[7.623s] Level 1:colcon.colcon_core.environment:checking '/home/gim/ros2_humble/src/path_package/install/path_package/bin'
[7.623s] INFO:colcon.colcon_core.shell:Creating package script '/home/gim/ros2_humble/src/path_package/install/path_package/share/path_package/package.ps1'
[7.623s] INFO:colcon.colcon_core.shell:Creating package descriptor '/home/gim/ros2_humble/src/path_package/install/path_package/share/path_package/package.dsv'
[7.623s] INFO:colcon.colcon_core.shell:Creating package script '/home/gim/ros2_humble/src/path_package/install/path_package/share/path_package/package.sh'
[7.628s] INFO:colcon.colcon_core.shell:Creating package script '/home/gim/ros2_humble/src/path_package/install/path_package/share/path_package/package.bash'
[7.628s] INFO:colcon.colcon_core.shell:Creating package script '/home/gim/ros2_humble/src/path_package/install/path_package/share/path_package/package.zsh'
[7.628s] Level 1:colcon.colcon_core.environment:create_file_with_runtime_dependencies(/home/gim/ros2_humble/src/path_package/install/path_package/share/colcon-core/packages/path_package)
[7.642s] DEBUG:colcon.colcon_parallel_executor.executor.parallel:closing loop
[7.642s] DEBUG:colcon.colcon_parallel_executor.executor.parallel:loop closed
[7.642s] DEBUG:colcon.colcon_parallel_executor.executor.parallel:run_until_complete finished with '2'
[7.642s] DEBUG:colcon.colcon_core.event_reactor:joining thread
[7.647s] INFO:colcon.colcon_core.plugin_system:Skipping extension 'colcon_notification.desktop_notification.terminal_notifier': Not used on non-Darwin systems
[7.647s] INFO:colcon.colcon_core.plugin_system:Skipping extension 'colcon_notification.desktop_notification.win32': Not used on non-Windows systems
[7.647s] INFO:colcon.colcon_notification.desktop_notification:Sending desktop notification using 'notify2'
[7.662s] DEBUG:colcon.colcon_core.event_reactor:joined thread
[7.662s] INFO:colcon.colcon_core.shell:Creating prefix script '/home/gim/ros2_humble/src/path_package/install/local_setup.ps1'
[7.662s] INFO:colcon.colcon_core.shell:Creating prefix util module '/home/gim/ros2_humble/src/path_package/install/_local_setup_util_ps1.py'
[7.667s] INFO:colcon.colcon_core.shell:Creating prefix chain script '/home/gim/ros2_humble/src/path_package/install/setup.ps1'
[7.668s] INFO:colcon.colcon_core.shell:Creating prefix script '/home/gim/ros2_humble/src/path_package/install/local_setup.sh'
[7.669s] INFO:colcon.colcon_core.shell:Creating prefix util module '/home/gim/ros2_humble/src/path_package/install/_local_setup_util_sh.py'
[7.670s] INFO:colcon.colcon_core.shell:Creating prefix chain script '/home/gim/ros2_humble/src/path_package/install/setup.sh'
[7.670s] INFO:colcon.colcon_core.shell:Creating prefix script '/home/gim/ros2_humble/src/path_package/install/local_setup.bash'
[7.671s] INFO:colcon.colcon_core.shell:Creating prefix chain script '/home/gim/ros2_humble/src/path_package/install/setup.bash'
[7.672s] INFO:colcon.colcon_core.shell:Creating prefix script '/home/gim/ros2_humble/src/path_package/install/local_setup.zsh'
[7.672s] INFO:colcon.colcon_core.shell:Creating prefix chain script '/home/gim/ros2_humble/src/path_package/install/setup.zsh'
