[0.016s] Invoking command in '/home/gim/ros2_humble/src/path_package/build/path_package': CMAKE_PREFIX_PATH=${CMAKE_PREFIX_PATH}:/opt/ros/humble /usr/bin/cmake --build /home/gim/ros2_humble/src/path_package/build/path_package -- -j6 -l6
[0.064s] [35m[1mConsolidate compiler generated dependencies of target talker[0m
[0.087s] [ 50%] [32mBuilding CXX object CMakeFiles/talker.dir/src/path.cpp.o[0m
[2.470s] [100%] [32m[1mLinking CXX executable talker[0m
[2.538s] [100%] Built target talker
[2.551s] Invoked command in '/home/gim/ros2_humble/src/path_package/build/path_package' returned '0': CMAKE_PREFIX_PATH=${CMAKE_PREFIX_PATH}:/opt/ros/humble /usr/bin/cmake --build /home/gim/ros2_humble/src/path_package/build/path_package -- -j6 -l6
[2.562s] Invoking command in '/home/gim/ros2_humble/src/path_package/build/path_package': CMAKE_PREFIX_PATH=${CMAKE_PREFIX_PATH}:/opt/ros/humble /usr/bin/cmake --install /home/gim/ros2_humble/src/path_package/build/path_package
[2.570s] -- Install configuration: ""
[2.570s] -- Installing: /home/gim/ros2_humble/src/path_package/install/path_package/lib/path_package/talker
[2.574s] -- Set runtime path of "/home/gim/ros2_humble/src/path_package/install/path_package/lib/path_package/talker" to ""
[2.574s] -- Up-to-date: /home/gim/ros2_humble/src/path_package/install/path_package/share/ament_index/resource_index/package_run_dependencies/path_package
[2.574s] -- Up-to-date: /home/gim/ros2_humble/src/path_package/install/path_package/share/ament_index/resource_index/parent_prefix_path/path_package
[2.574s] -- Up-to-date: /home/gim/ros2_humble/src/path_package/install/path_package/share/path_package/environment/ament_prefix_path.sh
[2.574s] -- Up-to-date: /home/gim/ros2_humble/src/path_package/install/path_package/share/path_package/environment/ament_prefix_path.dsv
[2.574s] -- Up-to-date: /home/gim/ros2_humble/src/path_package/install/path_package/share/path_package/environment/path.sh
[2.574s] -- Up-to-date: /home/gim/ros2_humble/src/path_package/install/path_package/share/path_package/environment/path.dsv
[2.574s] -- Up-to-date: /home/gim/ros2_humble/src/path_package/install/path_package/share/path_package/local_setup.bash
[2.574s] -- Up-to-date: /home/gim/ros2_humble/src/path_package/install/path_package/share/path_package/local_setup.sh
[2.574s] -- Up-to-date: /home/gim/ros2_humble/src/path_package/install/path_package/share/path_package/local_setup.zsh
[2.574s] -- Up-to-date: /home/gim/ros2_humble/src/path_package/install/path_package/share/path_package/local_setup.dsv
[2.574s] -- Installing: /home/gim/ros2_humble/src/path_package/install/path_package/share/path_package/package.dsv
[2.574s] -- Up-to-date: /home/gim/ros2_humble/src/path_package/install/path_package/share/ament_index/resource_index/packages/path_package
[2.574s] -- Up-to-date: /home/gim/ros2_humble/src/path_package/install/path_package/share/path_package/cmake/path_packageConfig.cmake
[2.575s] -- Up-to-date: /home/gim/ros2_humble/src/path_package/install/path_package/share/path_package/cmake/path_packageConfig-version.cmake
[2.575s] -- Up-to-date: /home/gim/ros2_humble/src/path_package/install/path_package/share/path_package/package.xml
[2.576s] -- Up-to-date: /home/gim/ros2_humble/src/path_package/install/path_package/include
[2.576s] -- Up-to-date: /home/gim/ros2_humble/src/path_package/install/path_package/include/Triangulation.h
[2.576s] -- Up-to-date: /home/gim/ros2_humble/src/path_package/install/path_package/include/LocatorKDTree.h
[2.576s] -- Up-to-date: /home/gim/ros2_humble/src/path_package/install/path_package/include/CDT.h
[2.576s] -- Up-to-date: /home/gim/ros2_humble/src/path_package/install/path_package/include/CDTUtils.h
[2.576s] -- Up-to-date: /home/gim/ros2_humble/src/path_package/install/path_package/include/predicates.h
[2.576s] -- Up-to-date: /home/gim/ros2_humble/src/path_package/install/path_package/include/portable_nth_element.hpp
[2.576s] -- Up-to-date: /home/gim/ros2_humble/src/path_package/install/path_package/include/Triangulation.hpp
[2.576s] -- Up-to-date: /home/gim/ros2_humble/src/path_package/install/path_package/include/KDTree.h
[2.576s] -- Up-to-date: /home/gim/ros2_humble/src/path_package/install/path_package/include/remove_at.hpp
[2.576s] -- Up-to-date: /home/gim/ros2_humble/src/path_package/install/path_package/include/CDT.hpp
[2.576s] -- Up-to-date: /home/gim/ros2_humble/src/path_package/install/path_package/include/CDTUtils.hpp
[2.576s] -- Up-to-date: /home/gim/ros2_humble/src/path_package/install/path_package/include
[2.576s] -- Up-to-date: /home/gim/ros2_humble/src/path_package/install/path_package/include/VerifyTopology.h
[2.577s] -- Up-to-date: /home/gim/ros2_humble/src/path_package/install/path_package/include/InitializeWithGrid.h
[2.577s] -- Up-to-date: /home/gim/ros2_humble/src/path_package/install/path_package/cmake/CDTConfig.cmake
[2.630s] Invoked command in '/home/gim/ros2_humble/src/path_package/build/path_package' returned '0': CMAKE_PREFIX_PATH=${CMAKE_PREFIX_PATH}:/opt/ros/humble /usr/bin/cmake --install /home/gim/ros2_humble/src/path_package/build/path_package
