-- CDT_USE_AS_COMPILED_LIBRARY is OFF
-- CDT_USE_64_BIT_INDEX_TYPE is OFF
-- CDT_ENABLE_TESTING is OFF
-- CDT_USE_STRONG_TYPING is OFF
-- CDT_DEVELOPER_BUILD is OFF
-- Doxygen found: adding documentation target.
-- Found ament_cmake: 1.3.11 (/opt/ros/humble/share/ament_cmake/cmake)
-- Found rclcpp: 16.0.11 (/opt/ros/humble/share/rclcpp/cmake)
-- Found rosidl_generator_c: 3.1.6 (/opt/ros/humble/share/rosidl_generator_c/cmake)
-- Found rosidl_adapter: 3.1.6 (/opt/ros/humble/share/rosidl_adapter/cmake)
-- Found rosidl_generator_cpp: 3.1.6 (/opt/ros/humble/share/rosidl_generator_cpp/cmake)
-- Using all available rosidl_typesupport_c: rosidl_typesupport_fastrtps_c;rosidl_typesupport_introspection_c
-- Using all available rosidl_typesupport_cpp: rosidl_typesupport_fastrtps_cpp;rosidl_typesupport_introspection_cpp
-- Found rmw_implementation_cmake: 6.1.2 (/opt/ros/humble/share/rmw_implementation_cmake/cmake)
-- Found rmw_fastrtps_cpp: 6.2.7 (/opt/ros/humble/share/rmw_fastrtps_cpp/cmake)
-- Using RMW implementation 'rmw_fastrtps_cpp' as default
-- Found ament_lint_auto: 0.12.11 (/opt/ros/humble/share/ament_lint_auto/cmake)
-- Added test 'cppcheck' to perform static code analysis on C / C++ code
-- Configured cppcheck include dirs: /home/gim/ros2_humble/src/path_package/./src/CDT/CDT/include
-- Configured cppcheck exclude dirs and/or files: 
-- Added test 'flake8' to check Python code syntax and style conventions
-- Added test 'lint_cmake' to check CMake code style
-- Added test 'pep257' to check Python code against some of the docstring style conventions in PEP 257
-- Added test 'uncrustify' to check C / C++ code style
-- Configured uncrustify additional arguments: 
-- Added test 'xmllint' to check XML markup files
-- Configuring done
-- Generating done
-- Build files have been written to: /home/gim/ros2_humble/src/path_package/build/path_package
[ 50%] [32mBuilding CXX object CMakeFiles/path_pkg.dir/src/path.cpp.o[0m
[100%] [32m[1mLinking CXX executable path_pkg[0m
[100%] Built target path_pkg
-- Install configuration: ""
-- Installing: /home/gim/ros2_humble/src/path_package/install/path_package/lib/path_package/path_pkg
-- Set runtime path of "/home/gim/ros2_humble/src/path_package/install/path_package/lib/path_package/path_pkg" to ""
-- Up-to-date: /home/gim/ros2_humble/src/path_package/install/path_package/share/ament_index/resource_index/package_run_dependencies/path_package
-- Installing: /home/gim/ros2_humble/src/path_package/install/path_package/share/ament_index/resource_index/parent_prefix_path/path_package
-- Up-to-date: /home/gim/ros2_humble/src/path_package/install/path_package/share/path_package/environment/ament_prefix_path.sh
-- Installing: /home/gim/ros2_humble/src/path_package/install/path_package/share/path_package/environment/ament_prefix_path.dsv
-- Up-to-date: /home/gim/ros2_humble/src/path_package/install/path_package/share/path_package/environment/path.sh
-- Installing: /home/gim/ros2_humble/src/path_package/install/path_package/share/path_package/environment/path.dsv
-- Up-to-date: /home/gim/ros2_humble/src/path_package/install/path_package/share/path_package/local_setup.bash
-- Up-to-date: /home/gim/ros2_humble/src/path_package/install/path_package/share/path_package/local_setup.sh
-- Up-to-date: /home/gim/ros2_humble/src/path_package/install/path_package/share/path_package/local_setup.zsh
-- Installing: /home/gim/ros2_humble/src/path_package/install/path_package/share/path_package/local_setup.dsv
-- Installing: /home/gim/ros2_humble/src/path_package/install/path_package/share/path_package/package.dsv
-- Up-to-date: /home/gim/ros2_humble/src/path_package/install/path_package/share/ament_index/resource_index/packages/path_package
-- Up-to-date: /home/gim/ros2_humble/src/path_package/install/path_package/share/path_package/cmake/path_packageConfig.cmake
-- Up-to-date: /home/gim/ros2_humble/src/path_package/install/path_package/share/path_package/cmake/path_packageConfig-version.cmake
-- Up-to-date: /home/gim/ros2_humble/src/path_package/install/path_package/share/path_package/package.xml
-- Up-to-date: /home/gim/ros2_humble/src/path_package/install/path_package/include
-- Up-to-date: /home/gim/ros2_humble/src/path_package/install/path_package/include/Triangulation.h
-- Up-to-date: /home/gim/ros2_humble/src/path_package/install/path_package/include/LocatorKDTree.h
-- Up-to-date: /home/gim/ros2_humble/src/path_package/install/path_package/include/CDT.h
-- Up-to-date: /home/gim/ros2_humble/src/path_package/install/path_package/include/CDTUtils.h
-- Up-to-date: /home/gim/ros2_humble/src/path_package/install/path_package/include/predicates.h
-- Up-to-date: /home/gim/ros2_humble/src/path_package/install/path_package/include/portable_nth_element.hpp
-- Up-to-date: /home/gim/ros2_humble/src/path_package/install/path_package/include/Triangulation.hpp
-- Up-to-date: /home/gim/ros2_humble/src/path_package/install/path_package/include/KDTree.h
-- Up-to-date: /home/gim/ros2_humble/src/path_package/install/path_package/include/remove_at.hpp
-- Up-to-date: /home/gim/ros2_humble/src/path_package/install/path_package/include/CDT.hpp
-- Up-to-date: /home/gim/ros2_humble/src/path_package/install/path_package/include/CDTUtils.hpp
-- Up-to-date: /home/gim/ros2_humble/src/path_package/install/path_package/include
-- Up-to-date: /home/gim/ros2_humble/src/path_package/install/path_package/include/VerifyTopology.h
-- Up-to-date: /home/gim/ros2_humble/src/path_package/install/path_package/include/InitializeWithGrid.h
-- Up-to-date: /home/gim/ros2_humble/src/path_package/install/path_package/cmake/CDTConfig.cmake
