[0.011s] Invoking command in '/home/gim/ros2_humble/src/path_package/build/path_package': CMAKE_PREFIX_PATH=${CMAKE_PREFIX_PATH}:/opt/ros/humble /usr/bin/cmake --build /home/gim/ros2_humble/src/path_package/build/path_package -- -j6 -l6
[0.032s] -- CDT_USE_AS_COMPILED_LIBRARY is OFF
[0.032s] -- CDT_USE_64_BIT_INDEX_TYPE is OFF
[0.032s] -- CDT_ENABLE_TESTING is OFF
[0.032s] -- CDT_USE_STRONG_TYPING is OFF
[0.032s] -- CDT_DEVELOPER_BUILD is OFF
[0.092s] -- Doxygen found: adding documentation target.
[0.092s] -- Found ament_cmake: 1.3.11 (/opt/ros/humble/share/ament_cmake/cmake)
[0.148s] -- Found rclcpp: 16.0.11 (/opt/ros/humble/share/rclcpp/cmake)
[0.149s] -- Found rosidl_generator_c: 3.1.6 (/opt/ros/humble/share/rosidl_generator_c/cmake)
[0.200s] -- Found rosidl_adapter: 3.1.6 (/opt/ros/humble/share/rosidl_adapter/cmake)
[0.202s] -- Found rosidl_generator_cpp: 3.1.6 (/opt/ros/humble/share/rosidl_generator_cpp/cmake)
[0.208s] -- Using all available rosidl_typesupport_c: rosidl_typesupport_fastrtps_c;rosidl_typesupport_introspection_c
[0.208s] -- Using all available rosidl_typesupport_cpp: rosidl_typesupport_fastrtps_cpp;rosidl_typesupport_introspection_cpp
[0.208s] -- Found rmw_implementation_cmake: 6.1.2 (/opt/ros/humble/share/rmw_implementation_cmake/cmake)
[0.208s] -- Found rmw_fastrtps_cpp: 6.2.7 (/opt/ros/humble/share/rmw_fastrtps_cpp/cmake)
[0.309s] -- Using RMW implementation 'rmw_fastrtps_cpp' as default
[0.341s] -- Found ament_lint_auto: 0.12.11 (/opt/ros/humble/share/ament_lint_auto/cmake)
[0.409s] -- Added test 'cppcheck' to perform static code analysis on C / C++ code
[0.409s] -- Configured cppcheck include dirs: /home/gim/ros2_humble/src/path_package/./src/CDT/CDT/include
[0.409s] -- Configured cppcheck exclude dirs and/or files: 
[0.431s] -- Added test 'flake8' to check Python code syntax and style conventions
[0.437s] -- Added test 'lint_cmake' to check CMake code style
[0.457s] -- Added test 'pep257' to check Python code against some of the docstring style conventions in PEP 257
[0.510s] -- Added test 'uncrustify' to check C / C++ code style
[0.510s] -- Configured uncrustify additional arguments: 
[0.517s] -- Added test 'xmllint' to check XML markup files
[0.518s] -- Configuring done
[0.529s] -- Generating done
[0.533s] -- Build files have been written to: /home/gim/ros2_humble/src/path_package/build/path_package
[0.566s] [ 50%] [32mBuilding CXX object CMakeFiles/path_pkg.dir/src/path.cpp.o[0m
[2.998s] [100%] [32m[1mLinking CXX executable path_pkg[0m
[3.096s] [100%] Built target path_pkg
[3.106s] Invoked command in '/home/gim/ros2_humble/src/path_package/build/path_package' returned '0': CMAKE_PREFIX_PATH=${CMAKE_PREFIX_PATH}:/opt/ros/humble /usr/bin/cmake --build /home/gim/ros2_humble/src/path_package/build/path_package -- -j6 -l6
[3.117s] Invoking command in '/home/gim/ros2_humble/src/path_package/build/path_package': CMAKE_PREFIX_PATH=${CMAKE_PREFIX_PATH}:/opt/ros/humble /usr/bin/cmake --install /home/gim/ros2_humble/src/path_package/build/path_package
[3.127s] -- Install configuration: ""
[3.127s] -- Installing: /home/gim/ros2_humble/src/path_package/install/path_package/lib/path_package/path_pkg
[3.127s] -- Set runtime path of "/home/gim/ros2_humble/src/path_package/install/path_package/lib/path_package/path_pkg" to ""
[3.127s] -- Up-to-date: /home/gim/ros2_humble/src/path_package/install/path_package/share/ament_index/resource_index/package_run_dependencies/path_package
[3.127s] -- Installing: /home/gim/ros2_humble/src/path_package/install/path_package/share/ament_index/resource_index/parent_prefix_path/path_package
[3.127s] -- Up-to-date: /home/gim/ros2_humble/src/path_package/install/path_package/share/path_package/environment/ament_prefix_path.sh
[3.127s] -- Installing: /home/gim/ros2_humble/src/path_package/install/path_package/share/path_package/environment/ament_prefix_path.dsv
[3.127s] -- Up-to-date: /home/gim/ros2_humble/src/path_package/install/path_package/share/path_package/environment/path.sh
[3.127s] -- Installing: /home/gim/ros2_humble/src/path_package/install/path_package/share/path_package/environment/path.dsv
[3.127s] -- Up-to-date: /home/gim/ros2_humble/src/path_package/install/path_package/share/path_package/local_setup.bash
[3.127s] -- Up-to-date: /home/gim/ros2_humble/src/path_package/install/path_package/share/path_package/local_setup.sh
[3.127s] -- Up-to-date: /home/gim/ros2_humble/src/path_package/install/path_package/share/path_package/local_setup.zsh
[3.127s] -- Installing: /home/gim/ros2_humble/src/path_package/install/path_package/share/path_package/local_setup.dsv
[3.127s] -- Installing: /home/gim/ros2_humble/src/path_package/install/path_package/share/path_package/package.dsv
[3.127s] -- Up-to-date: /home/gim/ros2_humble/src/path_package/install/path_package/share/ament_index/resource_index/packages/path_package
[3.127s] -- Up-to-date: /home/gim/ros2_humble/src/path_package/install/path_package/share/path_package/cmake/path_packageConfig.cmake
[3.127s] -- Up-to-date: /home/gim/ros2_humble/src/path_package/install/path_package/share/path_package/cmake/path_packageConfig-version.cmake
[3.127s] -- Up-to-date: /home/gim/ros2_humble/src/path_package/install/path_package/share/path_package/package.xml
[3.127s] -- Up-to-date: /home/gim/ros2_humble/src/path_package/install/path_package/include
[3.131s] -- Up-to-date: /home/gim/ros2_humble/src/path_package/install/path_package/include/Triangulation.h
[3.131s] -- Up-to-date: /home/gim/ros2_humble/src/path_package/install/path_package/include/LocatorKDTree.h
[3.131s] -- Up-to-date: /home/gim/ros2_humble/src/path_package/install/path_package/include/CDT.h
[3.131s] -- Up-to-date: /home/gim/ros2_humble/src/path_package/install/path_package/include/CDTUtils.h
[3.131s] -- Up-to-date: /home/gim/ros2_humble/src/path_package/install/path_package/include/predicates.h
[3.131s] -- Up-to-date: /home/gim/ros2_humble/src/path_package/install/path_package/include/portable_nth_element.hpp
[3.131s] -- Up-to-date: /home/gim/ros2_humble/src/path_package/install/path_package/include/Triangulation.hpp
[3.131s] -- Up-to-date: /home/gim/ros2_humble/src/path_package/install/path_package/include/KDTree.h
[3.131s] -- Up-to-date: /home/gim/ros2_humble/src/path_package/install/path_package/include/remove_at.hpp
[3.131s] -- Up-to-date: /home/gim/ros2_humble/src/path_package/install/path_package/include/CDT.hpp
[3.131s] -- Up-to-date: /home/gim/ros2_humble/src/path_package/install/path_package/include/CDTUtils.hpp
[3.131s] -- Up-to-date: /home/gim/ros2_humble/src/path_package/install/path_package/include
[3.131s] -- Up-to-date: /home/gim/ros2_humble/src/path_package/install/path_package/include/VerifyTopology.h
[3.131s] -- Up-to-date: /home/gim/ros2_humble/src/path_package/install/path_package/include/InitializeWithGrid.h
[3.131s] -- Up-to-date: /home/gim/ros2_humble/src/path_package/install/path_package/cmake/CDTConfig.cmake
[3.131s] Invoked command in '/home/gim/ros2_humble/src/path_package/build/path_package' returned '0': CMAKE_PREFIX_PATH=${CMAKE_PREFIX_PATH}:/opt/ros/humble /usr/bin/cmake --install /home/gim/ros2_humble/src/path_package/build/path_package
