[0.070s] Invoking command in '/home/gim/ros2_humble/src/path_package/build/path_package': CMAKE_PREFIX_PATH=/opt/ros/humble /usr/bin/cmake --build /home/gim/ros2_humble/src/path_package/build/path_package -- -j6 -l6
[0.134s] [35m[1mConsolidate compiler generated dependencies of target talker[0m
[0.141s] [ 50%] [32mBuilding CXX object CMakeFiles/talker.dir/src/path.cpp.o[0m
[1.266s] [100%] [32m[1mLinking CXX executable talker[0m
[1.398s] [100%] Built target talker
[1.413s] Invoked command in '/home/gim/ros2_humble/src/path_package/build/path_package' returned '0': CMAKE_PREFIX_PATH=/opt/ros/humble /usr/bin/cmake --build /home/gim/ros2_humble/src/path_package/build/path_package -- -j6 -l6
[1.423s] Invoking command in '/home/gim/ros2_humble/src/path_package/build/path_package': CMAKE_PREFIX_PATH=/opt/ros/humble /usr/bin/cmake --install /home/gim/ros2_humble/src/path_package/build/path_package
[1.429s] -- Install configuration: ""
[1.429s] -- Installing: /home/gim/ros2_humble/src/path_package/install/path_package/lib/path_package/talker
[1.429s] -- Set runtime path of "/home/gim/ros2_humble/src/path_package/install/path_package/lib/path_package/talker" to ""
[1.429s] -- Up-to-date: /home/gim/ros2_humble/src/path_package/install/path_package/share/ament_index/resource_index/package_run_dependencies/path_package
[1.429s] -- Up-to-date: /home/gim/ros2_humble/src/path_package/install/path_package/share/ament_index/resource_index/parent_prefix_path/path_package
[1.429s] -- Up-to-date: /home/gim/ros2_humble/src/path_package/install/path_package/share/path_package/environment/ament_prefix_path.sh
[1.429s] -- Up-to-date: /home/gim/ros2_humble/src/path_package/install/path_package/share/path_package/environment/ament_prefix_path.dsv
[1.429s] -- Up-to-date: /home/gim/ros2_humble/src/path_package/install/path_package/share/path_package/environment/path.sh
[1.429s] -- Up-to-date: /home/gim/ros2_humble/src/path_package/install/path_package/share/path_package/environment/path.dsv
[1.429s] -- Up-to-date: /home/gim/ros2_humble/src/path_package/install/path_package/share/path_package/local_setup.bash
[1.429s] -- Up-to-date: /home/gim/ros2_humble/src/path_package/install/path_package/share/path_package/local_setup.sh
[1.429s] -- Up-to-date: /home/gim/ros2_humble/src/path_package/install/path_package/share/path_package/local_setup.zsh
[1.434s] -- Up-to-date: /home/gim/ros2_humble/src/path_package/install/path_package/share/path_package/local_setup.dsv
[1.434s] -- Installing: /home/gim/ros2_humble/src/path_package/install/path_package/share/path_package/package.dsv
[1.434s] -- Up-to-date: /home/gim/ros2_humble/src/path_package/install/path_package/share/ament_index/resource_index/packages/path_package
[1.434s] -- Up-to-date: /home/gim/ros2_humble/src/path_package/install/path_package/share/path_package/cmake/path_packageConfig.cmake
[1.434s] -- Up-to-date: /home/gim/ros2_humble/src/path_package/install/path_package/share/path_package/cmake/path_packageConfig-version.cmake
[1.434s] -- Up-to-date: /home/gim/ros2_humble/src/path_package/install/path_package/share/path_package/package.xml
[1.434s] -- Up-to-date: /home/gim/ros2_humble/src/path_package/install/path_package/include
[1.434s] -- Up-to-date: /home/gim/ros2_humble/src/path_package/install/path_package/include/Triangulation.h
[1.434s] -- Up-to-date: /home/gim/ros2_humble/src/path_package/install/path_package/include/LocatorKDTree.h
[1.434s] -- Up-to-date: /home/gim/ros2_humble/src/path_package/install/path_package/include/CDT.h
[1.434s] -- Up-to-date: /home/gim/ros2_humble/src/path_package/install/path_package/include/CDTUtils.h
[1.434s] -- Up-to-date: /home/gim/ros2_humble/src/path_package/install/path_package/include/predicates.h
[1.434s] -- Up-to-date: /home/gim/ros2_humble/src/path_package/install/path_package/include/portable_nth_element.hpp
[1.434s] -- Up-to-date: /home/gim/ros2_humble/src/path_package/install/path_package/include/Triangulation.hpp
[1.434s] -- Up-to-date: /home/gim/ros2_humble/src/path_package/install/path_package/include/KDTree.h
[1.434s] -- Up-to-date: /home/gim/ros2_humble/src/path_package/install/path_package/include/remove_at.hpp
[1.434s] -- Up-to-date: /home/gim/ros2_humble/src/path_package/install/path_package/include/CDT.hpp
[1.434s] -- Up-to-date: /home/gim/ros2_humble/src/path_package/install/path_package/include/CDTUtils.hpp
[1.434s] -- Up-to-date: /home/gim/ros2_humble/src/path_package/install/path_package/include
[1.434s] -- Up-to-date: /home/gim/ros2_humble/src/path_package/install/path_package/include/VerifyTopology.h
[1.434s] -- Up-to-date: /home/gim/ros2_humble/src/path_package/install/path_package/include/InitializeWithGrid.h
[1.434s] -- Up-to-date: /home/gim/ros2_humble/src/path_package/install/path_package/cmake/CDTConfig.cmake
[1.434s] Invoked command in '/home/gim/ros2_humble/src/path_package/build/path_package' returned '0': CMAKE_PREFIX_PATH=/opt/ros/humble /usr/bin/cmake --install /home/gim/ros2_humble/src/path_package/build/path_package
