[0.024s] Invoking command in '/home/gim/ros2_humble/src/path_package/build/path_package': CMAKE_PREFIX_PATH=/opt/ros/humble /usr/bin/cmake /home/gim/ros2_humble/src/path_package -DCMAKE_INSTALL_PREFIX=/home/gim/ros2_humble/src/path_package/install/path_package
[0.265s] -- The C compiler identification is GNU 11.4.0
[0.432s] -- The CXX compiler identification is GNU 11.4.0
[0.454s] -- Detecting C compiler ABI info
[0.552s] -- Detecting C compiler ABI info - done
[0.563s] -- Check for working C compiler: /usr/bin/cc - skipped
[0.563s] -- Detecting C compile features
[0.569s] -- Detecting C compile features - done
[0.577s] -- Detecting CXX compiler ABI info
[0.696s] -- Detecting CXX compiler ABI info - done
[0.702s] -- Check for working CXX compiler: /usr/bin/c++ - skipped
[0.702s] -- Detecting CXX compile features
[0.702s] -- Detecting CXX compile features - done
[0.703s] [31mCMake Error at CMakeLists.txt:8 (add_subdirectory):
[0.703s]   add_subdirectory given source "../CDT" which is not an existing directory.
[0.703s] 
[0.703s] [0m
[0.703s] -- Found ament_cmake: 1.3.11 (/opt/ros/humble/share/ament_cmake/cmake)
[0.842s] -- Found Python3: /usr/bin/python3 (found version "3.10.12") found components: Interpreter 
[1.017s] -- Found rclcpp: 16.0.11 (/opt/ros/humble/share/rclcpp/cmake)
[1.084s] -- Found rosidl_generator_c: 3.1.6 (/opt/ros/humble/share/rosidl_generator_c/cmake)
[1.125s] -- Found rosidl_adapter: 3.1.6 (/opt/ros/humble/share/rosidl_adapter/cmake)
[1.133s] -- Found rosidl_generator_cpp: 3.1.6 (/opt/ros/humble/share/rosidl_generator_cpp/cmake)
[1.182s] -- Using all available rosidl_typesupport_c: rosidl_typesupport_fastrtps_c;rosidl_typesupport_introspection_c
[1.214s] -- Using all available rosidl_typesupport_cpp: rosidl_typesupport_fastrtps_cpp;rosidl_typesupport_introspection_cpp
[1.302s] -- Found rmw_implementation_cmake: 6.1.2 (/opt/ros/humble/share/rmw_implementation_cmake/cmake)
[1.302s] -- Found rmw_fastrtps_cpp: 6.2.7 (/opt/ros/humble/share/rmw_fastrtps_cpp/cmake)
[1.493s] -- Found OpenSSL: /usr/lib/x86_64-linux-gnu/libcrypto.so (found version "3.0.2")  
[1.509s] -- Found FastRTPS: /opt/ros/humble/include  
[1.549s] -- Using RMW implementation 'rmw_fastrtps_cpp' as default
[1.573s] -- Looking for pthread.h
[1.663s] -- Looking for pthread.h - found
[1.663s] -- Performing Test CMAKE_HAVE_LIBC_PTHREAD
[1.752s] -- Performing Test CMAKE_HAVE_LIBC_PTHREAD - Success
[1.752s] -- Found Threads: TRUE  
[1.859s] -- Found ament_lint_auto: 0.12.11 (/opt/ros/humble/share/ament_lint_auto/cmake)
[1.968s] -- Added test 'cppcheck' to perform static code analysis on C / C++ code
[1.968s] -- Configured cppcheck include dirs: 
[1.968s] -- Configured cppcheck exclude dirs and/or files: 
[2.012s] -- Added test 'flake8' to check Python code syntax and style conventions
[2.021s] -- Added test 'lint_cmake' to check CMake code style
[2.021s] -- Added test 'pep257' to check Python code against some of the docstring style conventions in PEP 257
[2.056s] -- Added test 'uncrustify' to check C / C++ code style
[2.056s] -- Configured uncrustify additional arguments: 
[2.056s] -- Added test 'xmllint' to check XML markup files
[2.077s] -- Configuring incomplete, errors occurred!
[2.077s] See also "/home/gim/ros2_humble/src/path_package/build/path_package/CMakeFiles/CMakeOutput.log".
[2.088s] Invoked command in '/home/gim/ros2_humble/src/path_package/build/path_package' returned '1': CMAKE_PREFIX_PATH=/opt/ros/humble /usr/bin/cmake /home/gim/ros2_humble/src/path_package -DCMAKE_INSTALL_PREFIX=/home/gim/ros2_humble/src/path_package/install/path_package
