[0.030s] Invoking command in '/home/gim/ros2_humble/src/path_package/build/path_package': CMAKE_PREFIX_PATH=${CMAKE_PREFIX_PATH}:/opt/ros/humble /usr/bin/cmake --build /home/gim/ros2_humble/src/path_package/build/path_package -- -j6 -l6
[0.045s] -- CDT_USE_AS_COMPILED_LIBRARY is OFF
[0.045s] -- CDT_USE_64_BIT_INDEX_TYPE is OFF
[0.045s] -- CDT_ENABLE_TESTING is OFF
[0.045s] -- CDT_USE_STRONG_TYPING is OFF
[0.045s] -- CDT_DEVELOPER_BUILD is OFF
[0.136s] -- Doxygen found: adding documentation target.
[0.146s] -- Found ament_cmake: 1.3.11 (/opt/ros/humble/share/ament_cmake/cmake)
[0.309s] -- Found rclcpp: 16.0.11 (/opt/ros/humble/share/rclcpp/cmake)
[0.330s] -- Found rosidl_generator_c: 3.1.6 (/opt/ros/humble/share/rosidl_generator_c/cmake)
[0.332s] -- Found rosidl_adapter: 3.1.6 (/opt/ros/humble/share/rosidl_adapter/cmake)
[0.334s] -- Found rosidl_generator_cpp: 3.1.6 (/opt/ros/humble/share/rosidl_generator_cpp/cmake)
[0.334s] -- Using all available rosidl_typesupport_c: rosidl_typesupport_fastrtps_c;rosidl_typesupport_introspection_c
[0.334s] -- Using all available rosidl_typesupport_cpp: rosidl_typesupport_fastrtps_cpp;rosidl_typesupport_introspection_cpp
[0.334s] -- Found rmw_implementation_cmake: 6.1.2 (/opt/ros/humble/share/rmw_implementation_cmake/cmake)
[0.334s] -- Found rmw_fastrtps_cpp: 6.2.7 (/opt/ros/humble/share/rmw_fastrtps_cpp/cmake)
[0.493s] -- Using RMW implementation 'rmw_fastrtps_cpp' as default
[0.546s] [31mCMake Error at CMakeLists.txt:17 (find_package):
[0.546s]   By not providing "Findzed_msgs.cmake" in CMAKE_MODULE_PATH this project has
[0.546s]   asked CMake to find a package configuration file provided by "zed_msgs",
[0.546s]   but CMake did not find one.
[0.546s] 
[0.548s]   Could not find a package configuration file provided by "zed_msgs" with any
[0.548s]   of the following names:
[0.548s] 
[0.548s]     zed_msgsConfig.cmake
[0.548s]     zed_msgs-config.cmake
[0.548s] 
[0.548s]   Add the installation prefix of "zed_msgs" to CMAKE_PREFIX_PATH or set
[0.548s]   "zed_msgs_DIR" to a directory containing one of the above files.  If
[0.548s]   "zed_msgs" provides a separate development package or SDK, be sure it has
[0.548s]   been installed.
[0.548s] 
[0.548s] [0m
[0.548s] -- Configuring incomplete, errors occurred!
[0.548s] See also "/home/gim/ros2_humble/src/path_package/build/path_package/CMakeFiles/CMakeOutput.log".
[0.559s] gmake: *** [Makefile:281: cmake_check_build_system] Error 1
[0.577s] Invoked command in '/home/gim/ros2_humble/src/path_package/build/path_package' returned '2': CMAKE_PREFIX_PATH=${CMAKE_PREFIX_PATH}:/opt/ros/humble /usr/bin/cmake --build /home/gim/ros2_humble/src/path_package/build/path_package -- -j6 -l6
