[0.010s] Invoking command in '/home/gim/ros2_humble/src/path_package/build/path_package': CMAKE_PREFIX_PATH=${CMAKE_PREFIX_PATH}:/opt/ros/humble /usr/bin/cmake --build /home/gim/ros2_humble/src/path_package/build/path_package -- -j6 -l6
[0.051s] -- CDT_USE_AS_COMPILED_LIBRARY is OFF
[0.051s] -- CDT_USE_64_BIT_INDEX_TYPE is OFF
[0.051s] -- CDT_ENABLE_TESTING is OFF
[0.051s] -- CDT_USE_STRONG_TYPING is OFF
[0.051s] -- CDT_DEVELOPER_BUILD is OFF
[0.161s] -- Doxygen found: adding documentation target.
[0.161s] -- Found ament_cmake: 1.3.11 (/opt/ros/humble/share/ament_cmake/cmake)
[0.348s] -- Found rclcpp: 16.0.11 (/opt/ros/humble/share/rclcpp/cmake)
[0.428s] -- Found rosidl_generator_c: 3.1.6 (/opt/ros/humble/share/rosidl_generator_c/cmake)
[0.432s] -- Found rosidl_adapter: 3.1.6 (/opt/ros/humble/share/rosidl_adapter/cmake)
[0.448s] -- Found rosidl_generator_cpp: 3.1.6 (/opt/ros/humble/share/rosidl_generator_cpp/cmake)
[0.468s] -- Using all available rosidl_typesupport_c: rosidl_typesupport_fastrtps_c;rosidl_typesupport_introspection_c
[0.492s] -- Using all available rosidl_typesupport_cpp: rosidl_typesupport_fastrtps_cpp;rosidl_typesupport_introspection_cpp
[0.564s] -- Found rmw_implementation_cmake: 6.1.2 (/opt/ros/humble/share/rmw_implementation_cmake/cmake)
[0.570s] -- Found rmw_fastrtps_cpp: 6.2.7 (/opt/ros/humble/share/rmw_fastrtps_cpp/cmake)
[0.679s] -- Using RMW implementation 'rmw_fastrtps_cpp' as default
[0.773s] [31mCMake Error at CMakeLists.txt:15 (find_package):
[0.773s]   By not providing "Findcontrol_msgs.cmake" in CMAKE_MODULE_PATH this project
[0.773s]   has asked CMake to find a package configuration file provided by
[0.773s]   "control_msgs", but CMake did not find one.
[0.773s] 
[0.773s]   Could not find a package configuration file provided by "control_msgs" with
[0.773s]   any of the following names:
[0.773s] 
[0.773s]     control_msgsConfig.cmake
[0.773s]     control_msgs-config.cmake
[0.773s] 
[0.773s]   Add the installation prefix of "control_msgs" to CMAKE_PREFIX_PATH or set
[0.773s]   "control_msgs_DIR" to a directory containing one of the above files.  If
[0.773s]   "control_msgs" provides a separate development package or SDK, be sure it
[0.773s]   has been installed.
[0.773s] 
[0.773s] [0m
[0.773s] -- Configuring incomplete, errors occurred!
[0.773s] See also "/home/gim/ros2_humble/src/path_package/build/path_package/CMakeFiles/CMakeOutput.log".
[0.779s] gmake: *** [Makefile:281: cmake_check_build_system] Error 1
[0.779s] Invoked command in '/home/gim/ros2_humble/src/path_package/build/path_package' returned '2': CMAKE_PREFIX_PATH=${CMAKE_PREFIX_PATH}:/opt/ros/humble /usr/bin/cmake --build /home/gim/ros2_humble/src/path_package/build/path_package -- -j6 -l6
